<?xml version="1.0" encoding="UTF-8"?>
<testsuite xmlns:xsi="http://www.w3.org/2001/XMLSchema-instance" xsi:noNamespaceSchemaLocation="https://maven.apache.org/surefire/maven-surefire-plugin/xsd/surefire-test-report-3.0.xsd" version="3.0" name="org.learningpath.service.LearningPathServiceTest" time="0.176" tests="1" errors="0" skipped="0" failures="0">
  <properties>
    <property name="java.specification.version" value="22"/>
    <property name="sun.cpu.isalist" value="amd64"/>
    <property name="sun.jnu.encoding" value="Cp1252"/>
    <property name="java.class.path" value="C:\Users\sarah\OneDrive\Personalized Learning\target\test-classes;C:\Users\sarah\OneDrive\Personalized Learning\target\classes;C:\Users\sarah\.m2\repository\org\xerial\sqlite-jdbc\3.46.0.0\sqlite-jdbc-3.46.0.0.jar;C:\Users\sarah\.m2\repository\org\slf4j\slf4j-api\1.7.36\slf4j-api-1.7.36.jar;C:\Users\sarah\.m2\repository\org\junit\jupiter\junit-jupiter\5.10.3\junit-jupiter-5.10.3.jar;C:\Users\sarah\.m2\repository\org\junit\jupiter\junit-jupiter-api\5.10.3\junit-jupiter-api-5.10.3.jar;C:\Users\sarah\.m2\repository\org\opentest4j\opentest4j\1.3.0\opentest4j-1.3.0.jar;C:\Users\sarah\.m2\repository\org\junit\platform\junit-platform-commons\1.10.3\junit-platform-commons-1.10.3.jar;C:\Users\sarah\.m2\repository\org\apiguardian\apiguardian-api\1.1.2\apiguardian-api-1.1.2.jar;C:\Users\sarah\.m2\repository\org\junit\jupiter\junit-jupiter-params\5.10.3\junit-jupiter-params-5.10.3.jar;C:\Users\sarah\.m2\repository\org\junit\jupiter\junit-jupiter-engine\5.10.3\junit-jupiter-engine-5.10.3.jar;C:\Users\sarah\.m2\repository\org\junit\platform\junit-platform-engine\1.10.3\junit-platform-engine-1.10.3.jar;C:\Users\sarah\.m2\repository\org\openjfx\javafx-controls\17.0.16\javafx-controls-17.0.16.jar;C:\Users\sarah\.m2\repository\org\openjfx\javafx-controls\17.0.16\javafx-controls-17.0.16-win.jar;C:\Users\sarah\.m2\repository\org\openjfx\javafx-graphics\17.0.16\javafx-graphics-17.0.16.jar;C:\Users\sarah\.m2\repository\org\openjfx\javafx-graphics\17.0.16\javafx-graphics-17.0.16-win.jar;C:\Users\sarah\.m2\repository\org\openjfx\javafx-base\17.0.16\javafx-base-17.0.16.jar;C:\Users\sarah\.m2\repository\org\openjfx\javafx-base\17.0.16\javafx-base-17.0.16-win.jar;C:\Users\sarah\.m2\repository\org\openjfx\javafx-fxml\17.0.16\javafx-fxml-17.0.16.jar;C:\Users\sarah\.m2\repository\org\openjfx\javafx-fxml\17.0.16\javafx-fxml-17.0.16-win.jar;"/>
    <property name="java.vm.vendor" value="Oracle Corporation"/>
    <property name="sun.arch.data.model" value="64"/>
    <property name="user.variant" value=""/>
    <property name="java.vendor.url" value="https://java.oracle.com/"/>
    <property name="user.timezone" value="America/New_York"/>
    <property name="os.name" value="Windows 11"/>
    <property name="java.vm.specification.version" value="22"/>
    <property name="sun.java.launcher" value="SUN_STANDARD"/>
    <property name="user.country" value="US"/>
    <property name="sun.boot.library.path" value="C:\Program Files\Java\jdk-22\bin"/>
    <property name="sun.java.command" value="C:\Users\sarah\AppData\Local\Temp\surefire13567180440827835269\surefirebooter-20250720162443177_3.jar C:\Users\sarah\AppData\Local\Temp\surefire13567180440827835269 2025-07-20T16-24-42_997-jvmRun1 surefire-20250720162443177_1tmp surefire_0-20250720162443177_2tmp"/>
    <property name="jdk.debug" value="release"/>
    <property name="surefire.test.class.path" value="C:\Users\sarah\OneDrive\Personalized Learning\target\test-classes;C:\Users\sarah\OneDrive\Personalized Learning\target\classes;C:\Users\sarah\.m2\repository\org\xerial\sqlite-jdbc\3.46.0.0\sqlite-jdbc-3.46.0.0.jar;C:\Users\sarah\.m2\repository\org\slf4j\slf4j-api\1.7.36\slf4j-api-1.7.36.jar;C:\Users\sarah\.m2\repository\org\junit\jupiter\junit-jupiter\5.10.3\junit-jupiter-5.10.3.jar;C:\Users\sarah\.m2\repository\org\junit\jupiter\junit-jupiter-api\5.10.3\junit-jupiter-api-5.10.3.jar;C:\Users\sarah\.m2\repository\org\opentest4j\opentest4j\1.3.0\opentest4j-1.3.0.jar;C:\Users\sarah\.m2\repository\org\junit\platform\junit-platform-commons\1.10.3\junit-platform-commons-1.10.3.jar;C:\Users\sarah\.m2\repository\org\apiguardian\apiguardian-api\1.1.2\apiguardian-api-1.1.2.jar;C:\Users\sarah\.m2\repository\org\junit\jupiter\junit-jupiter-params\5.10.3\junit-jupiter-params-5.10.3.jar;C:\Users\sarah\.m2\repository\org\junit\jupiter\junit-jupiter-engine\5.10.3\junit-jupiter-engine-5.10.3.jar;C:\Users\sarah\.m2\repository\org\junit\platform\junit-platform-engine\1.10.3\junit-platform-engine-1.10.3.jar;C:\Users\sarah\.m2\repository\org\openjfx\javafx-controls\17.0.16\javafx-controls-17.0.16.jar;C:\Users\sarah\.m2\repository\org\openjfx\javafx-controls\17.0.16\javafx-controls-17.0.16-win.jar;C:\Users\sarah\.m2\repository\org\openjfx\javafx-graphics\17.0.16\javafx-graphics-17.0.16.jar;C:\Users\sarah\.m2\repository\org\openjfx\javafx-graphics\17.0.16\javafx-graphics-17.0.16-win.jar;C:\Users\sarah\.m2\repository\org\openjfx\javafx-base\17.0.16\javafx-base-17.0.16.jar;C:\Users\sarah\.m2\repository\org\openjfx\javafx-base\17.0.16\javafx-base-17.0.16-win.jar;C:\Users\sarah\.m2\repository\org\openjfx\javafx-fxml\17.0.16\javafx-fxml-17.0.16.jar;C:\Users\sarah\.m2\repository\org\openjfx\javafx-fxml\17.0.16\javafx-fxml-17.0.16-win.jar;"/>
    <property name="sun.cpu.endian" value="little"/>
    <property name="user.home" value="C:\Users\sarah"/>
    <property name="user.language" value="en"/>
    <property name="java.specification.vendor" value="Oracle Corporation"/>
    <property name="java.version.date" value="2024-04-16"/>
    <property name="java.home" value="C:\Program Files\Java\jdk-22"/>
    <property name="file.separator" value="\"/>
    <property name="basedir" value="C:\Users\sarah\OneDrive\Personalized Learning"/>
    <property name="java.vm.compressedOopsMode" value="Zero based"/>
    <property name="line.separator" value="&#10;"/>
    <property name="java.vm.specification.vendor" value="Oracle Corporation"/>
    <property name="java.specification.name" value="Java Platform API Specification"/>
    <property name="surefire.real.class.path" value="C:\Users\sarah\AppData\Local\Temp\surefire13567180440827835269\surefirebooter-20250720162443177_3.jar"/>
    <property name="user.script" value=""/>
    <property name="sun.management.compiler" value="HotSpot 64-Bit Tiered Compilers"/>
    <property name="java.runtime.version" value="22.0.1+8-16"/>
    <property name="user.name" value="sarah"/>
    <property name="stdout.encoding" value="Cp1252"/>
    <property name="path.separator" value=";"/>
    <property name="os.version" value="10.0"/>
    <property name="java.runtime.name" value="Java(TM) SE Runtime Environment"/>
    <property name="file.encoding" value="UTF-8"/>
    <property name="java.vm.name" value="Java HotSpot(TM) 64-Bit Server VM"/>
    <property name="localRepository" value="C:\Users\sarah\.m2\repository"/>
    <property name="java.vendor.url.bug" value="https://bugreport.java.com/bugreport/"/>
    <property name="java.io.tmpdir" value="C:\Users\sarah\AppData\Local\Temp\"/>
    <property name="idea.version" value="2024.2.0.2"/>
    <property name="java.version" value="22.0.1"/>
    <property name="user.dir" value="C:\Users\sarah\OneDrive\Personalized Learning"/>
    <property name="os.arch" value="amd64"/>
    <property name="java.vm.specification.name" value="Java Virtual Machine Specification"/>
    <property name="sun.os.patch.level" value=""/>
    <property name="native.encoding" value="Cp1252"/>
    <property name="java.library.path" value="C:\Program Files\Java\jdk-22\bin;C:\WINDOWS\Sun\Java\bin;C:\WINDOWS\system32;C:\WINDOWS;C:\Program Files\Python313\Scripts\;C:\Program Files\Python313\;C:\Program Files\Eclipse Adoptium\jdk-21.0.5.11-hotspot\bin;C:\Program Files\Common Files\Oracle\Java\javapath;C:\WINDOWS\system32;C:\WINDOWS;C:\WINDOWS\System32\Wbem;C:\WINDOWS\System32\WindowsPowerShell\v1.0\;C:\WINDOWS\System32\OpenSSH\;C:\Program Files\Git\cmd;C:\Program Files\Docker\Docker\resources\bin;C:\Program Files\maven-mvnd-1.0.2-windows-amd64\bin;C:\Users\sarah\AppData\Local\Programs\Python\Launcher\;C:\Users\sarah\AppData\Local\Microsoft\WindowsApps;C:\Users\sarah\AppData\Local\Programs\Microsoft VS Code\bin;C:\Users\sarah\AppData\Local\GitHubDesktop\bin;."/>
    <property name="java.vm.info" value="mixed mode, sharing"/>
    <property name="stderr.encoding" value="Cp1252"/>
    <property name="java.vendor" value="Oracle Corporation"/>
    <property name="java.vm.version" value="22.0.1+8-16"/>
    <property name="sun.io.unicode.encoding" value="UnicodeLittle"/>
    <property name="java.class.version" value="66.0"/>
  </properties>
  <testcase name="testGenerateLearningPath" classname="org.learningpath.service.LearningPathServiceTest" time="0.157">
    <system-err><![CDATA[SLF4J: Failed to load class "org.slf4j.impl.StaticLoggerBinder".
SLF4J: Defaulting to no-operation (NOP) logger implementation
SLF4J: See http://www.slf4j.org/codes.html#StaticLoggerBinder for further details.
]]></system-err>
  </testcase>
</testsuite>